
Start-Date: 2013-12-09  18:19:48
Commandline: apt-get purge acpi acpid aptitude aspell aspell-en avahi-daemon bind9-host debian-faq doc-debian eject mutt netcat net-tools ppp pppconfig pppoe openssh* reportbug usbutils console-common
Purge: aptitude:amd64 (0.6.8.2-1.2), net-tools:amd64 (1.60-25)
End-Date: 2013-12-09  18:19:59

Start-Date: 2013-12-09  18:20:41
Commandline: apt-get install deborphan
Install: gettext-base:amd64 (0.18.3.1-2, automatic), dialog:amd64 (1.2-20130928-1, automatic), libasprintf0c2:amd64 (0.18.3.1-2, automatic), deborphan:amd64 (1.7.28.8)
End-Date: 2013-12-09  18:21:04

Start-Date: 2013-12-09  18:21:32
Commandline: apt-get -y purge libboost-iostreams1.53.0 libudev0 libept1.4.12 libsqlite3-0 libboost-iostreams1.54.0 libboost-iostreams1.49.0 libcwidget3
Purge: libept1.4.12:amd64 (1.0.12), libcwidget3:amd64 (0.5.16-3.5), libsqlite3-0:amd64 (3.8.2-1), libudev0:amd64 (175-7.2), libboost-iostreams1.54.0:amd64 (1.54.0-3+b1), libboost-iostreams1.49.0:amd64 (1.49.0-4+b3), libboost-iostreams1.53.0:amd64 (1.53.0-6+b2)
End-Date: 2013-12-09  18:21:43

Start-Date: 2013-12-09  18:22:38
Commandline: apt-get purge deborphan
Purge: deborphan:amd64 (1.7.28.8)
End-Date: 2013-12-09  18:22:43

Start-Date: 2013-12-09  21:38:53
Commandline: apt-get install -f
Install: geoip-database:amd64 (20131118-1, automatic), liblwres90:amd64 (9.9.3.dfsg.P2-4, automatic), gcc-4.8-base:i386 (4.8.2-8, automatic), libisccfg90:amd64 (9.9.3.dfsg.P2-4, automatic), libbind9-90:amd64 (9.9.3.dfsg.P2-4, automatic), libc6-i686:i386 (2.17-97, automatic), libgcc1:i386 (4.8.2-8, automatic), libc6:i386 (2.17-97, automatic), libxml2:amd64 (2.9.1+dfsg1-3, automatic), libdns99:amd64 (9.9.3.dfsg.P2-4, automatic), sgml-base:amd64 (1.26+nmu4, automatic), xml-core:amd64 (0.13+nmu2, automatic), libgeoip1:amd64 (1.6.0-1, automatic), libisccc90:amd64 (9.9.3.dfsg.P2-4, automatic), libisc95:amd64 (9.9.3.dfsg.P2-4, automatic)
Upgrade: libuuid1:amd64 (2.20.1-5.3, 2.20.1-5.5), libuuid1:i386 (2.20.1-5.3, 2.20.1-5.5)
End-Date: 2013-12-09  21:39:17

Start-Date: 2013-12-09  21:40:00
Commandline: apt-get install libssl1.0.0:i386
Install: libssl1.0.0:i386 (1.0.1e-4), zlib1g:i386 (1.2.8.dfsg-1, automatic)
End-Date: 2013-12-09  21:40:05

Start-Date: 2013-12-09  22:20:58
Commandline: apt-get upgrade
Upgrade: binutils:amd64 (2.24-1, 2.24-2)
End-Date: 2013-12-09  22:21:04

Start-Date: 2013-12-10  03:18:00
Commandline: apt-get upgrade
Upgrade: iputils-ping:amd64 (20121221-2, 20121221-3)
End-Date: 2013-12-10  03:18:02
