update-alternatives 2013-12-09 18:19:54: run with --remove aptitude /usr/bin/aptitude-curses
update-alternatives 2013-12-09 18:19:54: link group aptitude fully removed
update-alternatives 2013-12-10 18:25:52: run with --install /usr/bin/yacc yacc /usr/bin/bison.yacc 100 --slave /usr/share/man/man1/yacc.1.gz yaccman /usr/share/man/man1/bison.yacc.1.gz
update-alternatives 2013-12-10 18:25:52: auto-repair link group yacc
update-alternatives 2014-05-09 23:03:25: run with --remove builtins.7.gz /usr/share/man/man7/bash-builtins.7.gz
update-alternatives 2014-05-09 23:03:25: link group builtins.7.gz fully removed
update-alternatives 2014-05-09 23:03:30: run with --install /usr/share/man/man7/builtins.7.gz builtins.7.gz /usr/share/man/man7/bash-builtins.7.gz 10
update-alternatives 2014-05-09 23:03:30: link group builtins.7.gz updated to point to /usr/share/man/man7/bash-builtins.7.gz
update-alternatives 2014-05-09 23:05:48: run with --install /usr/sbin/rmt rmt /usr/sbin/rmt-tar 50 --slave /usr/share/man/man8/rmt.8.gz rmt.8.gz /usr/share/man/man8/rmt-tar.8.gz
update-alternatives 2014-05-09 23:05:48: auto-repair link group rmt
update-alternatives 2014-05-09 23:05:58: run with --install /usr/bin/pager pager /bin/more 50 --slave /usr/share/man/man1/pager.1.gz pager.1.gz /usr/share/man/man1/more.1.gz
update-alternatives 2014-05-09 23:05:58: auto-repair link group pager
update-alternatives 2014-05-09 23:05:58: run with --install /usr/bin/pager pager /usr/bin/pg 10 --slave /usr/share/man/man1/pager.1.gz pager.1.gz /usr/share/man/man1/pg.1.gz
update-alternatives 2014-05-09 23:10:38: run with --install /etc/newt/palette newt-palette /etc/newt/palette.original 20
update-alternatives 2014-05-09 23:10:41: run with --install /usr/bin/w w /usr/bin/w.procps 50 --slave /usr/share/man/man1/w.1.gz w.1.gz /usr/share/man/man1/w.procps.1.gz
update-alternatives 2014-05-09 23:10:41: auto-repair link group w
update-alternatives 2014-05-09 23:11:09: run with --quiet --install /usr/bin/c++ c++ /usr/bin/clang++ 10
update-alternatives 2014-05-09 23:11:09: run with --quiet --install /usr/bin/cc cc /usr/bin/clang 10
update-alternatives 2014-05-09 23:11:09: run with --quiet --install /usr/bin/c89 c89 /usr/bin/clang 10
update-alternatives 2014-05-09 23:11:09: auto-repair link group c89
update-alternatives 2014-05-09 23:11:09: run with --quiet --install /usr/bin/c99 c99 /usr/bin/clang 10
update-alternatives 2014-05-09 23:11:09: auto-repair link group c99
update-alternatives 2014-05-09 23:11:12: run with --install /bin/mt mt /bin/mt-gnu 10 --slave /usr/share/man/man1/mt.1.gz mt.1.gz /usr/share/man/man1/mt-gnu.1.gz
update-alternatives 2014-05-09 23:11:12: auto-repair link group mt
update-alternatives 2014-05-09 23:11:16: run with --install /usr/bin/infobrowser infobrowser /usr/bin/info 60 --slave /usr/share/man/man1/infobrowser.1.gz infobrowser.1.gz /usr/share/man/man1/info.1.gz
update-alternatives 2014-05-09 23:11:16: auto-repair link group infobrowser
update-alternatives 2014-05-09 23:11:18: run with --install /usr/bin/editor editor /bin/nano 40 --slave /usr/share/man/man1/editor.1.gz editor.1.gz /usr/share/man/man1/nano.1.gz
update-alternatives 2014-05-09 23:11:18: auto-repair link group editor
update-alternatives 2014-05-09 23:11:18: run with --install /usr/bin/pico pico /bin/nano 10 --slave /usr/share/man/man1/pico.1.gz pico.1.gz /usr/share/man/man1/nano.1.gz
update-alternatives 2014-05-09 23:11:18: auto-repair link group pico
update-alternatives 2014-05-09 23:11:19: run with --install /usr/bin/rview rview /usr/bin/vim.tiny 10
update-alternatives 2014-05-09 23:11:20: run with --install /usr/bin/vi vi /usr/bin/vim.tiny 10 --slave /usr/share/man/fr/man1/vi.1.gz vi.fr.1.gz /usr/share/man/fr/man1/vim.1.gz --slave /usr/share/man/it/man1/vi.1.gz vi.it.1.gz /usr/share/man/it/man1/vim.1.gz --slave /usr/share/man/pl/man1/vi.1.gz vi.pl.1.gz /usr/share/man/pl/man1/vim.1.gz --slave /usr/share/man/ru/man1/vi.1.gz vi.ru.1.gz /usr/share/man/ru/man1/vim.1.gz --slave /usr/share/man/ja/man1/vi.1.gz vi.ja.1.gz /usr/share/man/ja/man1/vim.1.gz --slave /usr/share/man/man1/vi.1.gz vi.1.gz /usr/share/man/man1/vim.1.gz
update-alternatives 2014-05-09 23:11:20: auto-repair link group vi
update-alternatives 2014-05-09 23:11:20: run with --install /usr/bin/view view /usr/bin/vim.tiny 10 --slave /usr/share/man/fr/man1/view.1.gz view.fr.1.gz /usr/share/man/fr/man1/vim.1.gz --slave /usr/share/man/it/man1/view.1.gz view.it.1.gz /usr/share/man/it/man1/vim.1.gz --slave /usr/share/man/pl/man1/view.1.gz view.pl.1.gz /usr/share/man/pl/man1/vim.1.gz --slave /usr/share/man/ru/man1/view.1.gz view.ru.1.gz /usr/share/man/ru/man1/vim.1.gz --slave /usr/share/man/ja/man1/view.1.gz view.ja.1.gz /usr/share/man/ja/man1/vim.1.gz --slave /usr/share/man/man1/view.1.gz view.1.gz /usr/share/man/man1/vim.1.gz
update-alternatives 2014-05-09 23:11:20: auto-repair link group view
update-alternatives 2014-05-09 23:11:20: run with --install /usr/bin/ex ex /usr/bin/vim.tiny 10 --slave /usr/share/man/fr/man1/ex.1.gz ex.fr.1.gz /usr/share/man/fr/man1/vim.1.gz --slave /usr/share/man/it/man1/ex.1.gz ex.it.1.gz /usr/share/man/it/man1/vim.1.gz --slave /usr/share/man/pl/man1/ex.1.gz ex.pl.1.gz /usr/share/man/pl/man1/vim.1.gz --slave /usr/share/man/ru/man1/ex.1.gz ex.ru.1.gz /usr/share/man/ru/man1/vim.1.gz --slave /usr/share/man/ja/man1/ex.1.gz ex.ja.1.gz /usr/share/man/ja/man1/vim.1.gz --slave /usr/share/man/man1/ex.1.gz ex.1.gz /usr/share/man/man1/vim.1.gz
update-alternatives 2014-05-09 23:11:20: auto-repair link group ex
update-alternatives 2014-05-09 23:11:20: run with --install /usr/bin/editor editor /usr/bin/vim.tiny 10 --slave /usr/share/man/fr/man1/editor.1.gz editor.fr.1.gz /usr/share/man/fr/man1/vim.1.gz --slave /usr/share/man/it/man1/editor.1.gz editor.it.1.gz /usr/share/man/it/man1/vim.1.gz --slave /usr/share/man/pl/man1/editor.1.gz editor.pl.1.gz /usr/share/man/pl/man1/vim.1.gz --slave /usr/share/man/ru/man1/editor.1.gz editor.ru.1.gz /usr/share/man/ru/man1/vim.1.gz --slave /usr/share/man/ja/man1/editor.1.gz editor.ja.1.gz /usr/share/man/ja/man1/vim.1.gz --slave /usr/share/man/man1/editor.1.gz editor.1.gz /usr/share/man/man1/vim.1.gz
update-alternatives 2014-05-09 23:11:25: run with --install /usr/bin/yacc yacc /usr/bin/bison.yacc 100 --slave /usr/share/man/man1/yacc.1.gz yaccman /usr/share/man/man1/bison.yacc.1.gz
update-alternatives 2014-05-09 23:11:39: run with --quiet --install /lib/cpp cpp /usr/bin/cpp 10
update-alternatives 2014-05-09 23:11:40: run with --quiet --install /usr/bin/cc cc /usr/bin/gcc 20
update-alternatives 2014-05-09 23:11:40: run with --quiet --install /usr/bin/c89 c89 /usr/bin/c89-gcc 20 --slave /usr/share/man/man1/c89.1.gz c89.1.gz /usr/share/man/man1/c89-gcc.1.gz
update-alternatives 2014-05-09 23:11:40: run with --quiet --install /usr/bin/c99 c99 /usr/bin/c99-gcc 20 --slave /usr/share/man/man1/c99.1.gz c99.1.gz /usr/share/man/man1/c99-gcc.1.gz
update-alternatives 2014-05-09 23:11:40: run with --install /usr/bin/c++ c++ /usr/bin/g++ 20
update-alternatives 2014-05-09 23:11:45: run with --install /usr/bin/rename rename /usr/bin/prename 60 --slave /usr/share/man/man1/rename.1.gz rename.1.gz /usr/share/man/man1/prename.1.gz
update-alternatives 2014-05-09 23:11:45: auto-repair link group rename
update-alternatives 2014-05-09 23:11:53: run with --install /usr/bin/rename rename /usr/bin/file-rename 70 --slave /usr/share/man/man1/rename.1.gz rename.1.gz /usr/share/man/man1/file-rename.1p.gz
update-alternatives 2014-05-09 23:11:53: link group rename updated to point to /usr/bin/file-rename
